<?xml version="1.0" encoding="UTF-8"?>
<!-- Generated by org.testng.reporters.JUnitReportReporter -->
<testsuite skipped="0" hostname="manish-Latitude-3460" name="com.nmc.testcases.testcase01.SampleTestCase" tests="1" failures="0" timestamp="31 Jan 2020 04:43:49 GMT" time="422.639" errors="0">
  <testcase name="test_1" time="422.639" classname="com.nmc.testcases.testcase01.SampleTestCase"/>
</testsuite> <!-- com.nmc.testcases.testcase01.SampleTestCase -->
